==ASD 

=ﾘﾐﾌ_02=272679 

==ﾍﾆﾂ_10=10352 

==ﾑﾓ_03=231629 

ﾎﾊﾐ  ﾇ21

ﾓﾒﾖ 

17ﾌﾀﾐ70592/17ﾌﾀﾐ15835/ﾑﾓ 

ﾎﾒﾌ 

ﾑﾓ1472 

21ﾌﾀﾐ  22ﾌﾀﾐ 12

// 

ﾄﾈ  ﾎﾒﾌﾅﾍﾀ ﾐﾅﾉﾑﾀ ﾑﾓ-1472      ﾌﾎﾂ/ﾘﾐﾌ-ﾍﾆﾂ

// 

ﾏﾎﾄ  ﾒﾐﾓﾔﾀﾍﾎﾂ

 @
==ﾘﾐﾌ_02=272680 

==ﾍﾆﾂ_10=10353 

==ﾑﾓ_03=231630 

ﾎﾊﾐ  ﾇ21

ﾓﾒﾖ 

17ﾌﾀﾐ70593/17ﾌﾀﾐ15836/ﾑﾓ 

ﾎﾒﾌ 

ﾑﾓ1473 

21ﾌﾀﾐ  22ﾌﾀﾐ 12

// 

ﾄﾈ  ﾎﾒﾌﾅﾍﾀ ﾐﾅﾉﾑﾀ ﾑﾓ-1473      ﾍﾆﾂ-ﾌﾎﾂ/ﾘﾐﾌ

// 

ﾏﾎﾄ  ﾒﾐﾓﾔﾀﾍﾎﾂ

 @
==ﾘﾐﾌ_02=272624 

==ﾍﾆﾂ_10=10350 

==ﾑﾓ_03=231551 

ﾎﾊﾐ  ﾇ21

ﾓﾒﾖ 

17ﾌﾀﾐ70514/17ﾌﾀﾐ15756/ﾑﾓ 

ﾈﾇﾌ 

ﾏﾄﾊ  ﾌﾀﾐ 20 21 22

ﾑﾓ1646 

ﾌﾀﾐ  20 22

ﾏ  32ﾀ .ﾁ8ﾝ150 ﾘﾐﾌ

ﾌﾎﾂ/ﾘﾐﾌ(B)1950  ﾍﾆﾂ(1)2330

// 

ﾑﾓ1646 

21ﾌﾀﾐ  21ﾌﾀﾐ 1

ﾏ  32ﾍ .ﾁ12ﾝ144 ﾘﾐﾌ

ﾌﾎﾂ/ﾘﾐﾌ(B)1950  
==ﾘﾐﾌ_02=272625 

==ﾍﾆﾂ_10=10351 

==ﾑﾓ_03=231552 

ﾎﾊﾐ  ﾇ21

ﾓﾒﾖ 

17ﾌﾀﾐ70515/17ﾌﾀﾐ15757/ﾑﾓ 

ﾈﾇﾌ 

ﾏﾄﾊ  ﾌﾀﾐ 20 21 22

ﾑﾓ1647 

21ﾌﾀﾐ  21ﾌﾀﾐ 1

ﾏ  32ﾀ .ﾁ8ﾝ150 ﾘﾐﾌ

ﾍﾆﾂ(1)0045  ﾌﾎﾂ/ﾘﾐﾌ(B)0430

// 

ﾑﾓ1647 

ﾌﾀﾐ  20 22

ﾏ  32ﾍ .ﾁ12ﾝ144 ﾘﾐﾌ

ﾍﾆﾂ(1)0045  ﾌﾎﾂ/
==ﾞﾂ_01=7477 

==ﾍﾆﾂ_10=10349 

==ﾁﾓﾃ_02=2157 

==ﾐﾓﾏﾐﾓ_04=170458 

ﾎﾊﾐ  ﾋ22

ﾓﾒﾖ 

17ﾌﾀﾐ8292/17ﾌﾀﾐ39/ﾞﾂ 

ﾈﾇﾌ 

ﾏﾄﾊ  31ﾌﾀﾐ 09ﾈﾞﾍ 4

ﾞﾂ332 

31ﾌﾀﾐ  09ﾈﾞﾍ 4

ﾏ  ﾖﾐ2 ﾝ ﾁﾓﾃ

ﾍﾆﾂ(1)2200  ﾁﾓﾃ0030/1

// 

ﾄﾈ  ﾏﾐﾅﾄﾓﾏﾐﾅﾆﾄﾀﾅﾌ ﾎ ﾍﾀﾐﾓﾘﾅﾍﾈﾈ ﾐﾅﾆﾈﾌﾀ ﾐﾀﾁﾎﾒﾛ ﾍﾆﾂ

ﾄﾈ  ﾏﾐﾅﾄ
==ﾞﾂ_01=7475 

==ﾍﾆﾂ_10=10347 

==ﾐﾓﾏﾐﾓ_04=170456 

==ﾀﾑﾐ_01=4123 

==ﾊﾊﾇ_04=29883 

ﾎﾊﾐ  ﾋ22

ﾓﾒﾖ 

17ﾌﾀﾐ8286/17ﾌﾀﾐ37/ﾞﾂ 

ﾍﾎﾂ 

ﾞﾂ636 

31ﾌﾀﾐ  09ﾈﾞﾍ 4

ﾏ  ﾖﾐ2 ﾝ ﾊﾊﾇ

ﾀﾑﾐ1530  ﾊﾇﾍ/ﾊﾊﾇ1730

ﾊﾇﾍ/ﾊﾊﾇ1815  ﾍﾆﾂ(1)2055

// 

ﾄﾈ  ﾏﾐﾅﾄﾓﾏﾐﾅﾆﾄﾀﾅﾌ ﾎ ﾍﾀﾐﾓﾘﾅﾍﾈﾈ ﾐﾅﾆﾈﾌﾀ
==ﾞﾂ_01=7474 

==ﾍﾆﾂ_10=10346 

==ﾐﾓﾏﾐﾓ_04=170455 

==ﾀﾑﾐ_01=4122 

==ﾊﾊﾇ_04=29882 

ﾎﾊﾐ  ﾋ22

ﾓﾒﾖ 

17ﾌﾀﾐ8285/17ﾌﾀﾐ37/ﾞﾂ 

ﾍﾎﾂ 

ﾞﾂ635 

31ﾌﾀﾐ  09ﾈﾞﾍ 4

ﾏ  ﾖﾐ2 ﾝ ﾊﾊﾇ

ﾍﾆﾂ(1)0835  ﾊﾇﾍ/ﾊﾊﾇ1055

ﾊﾇﾍ/ﾊﾊﾇ1200  ﾀﾑﾐ1400

// 

ﾄﾈ  ﾏﾐﾅﾄﾓﾏﾐﾅﾆﾄﾀﾅﾌ ﾎ ﾍﾀﾐﾓﾘﾅﾍﾈﾈ ﾐﾅﾆﾈﾌﾀ
==ﾞﾂ_01=7476 

==ﾍﾆﾂ_10=10348 

==ﾁﾓﾃ_02=2156 

==ﾐﾓﾏﾐﾓ_04=170457 

ﾎﾊﾐ  ﾋ22

ﾓﾒﾖ 

17ﾌﾀﾐ8287/17ﾌﾀﾐ38/ﾞﾂ 

ﾈﾇﾌ 

ﾏﾄﾊ  31ﾌﾀﾐ 09ﾈﾞﾍ 4

ﾞﾂ331 

31ﾌﾀﾐ  09ﾈﾞﾍ 4

ﾏ  ﾖﾐ2 ﾝ ﾁﾓﾃ

ﾁﾓﾃ0500  ﾍﾆﾂ(1)0735

// 

ﾄﾈ  ﾏﾐﾅﾄﾓﾏﾐﾅﾆﾄﾀﾅﾌ ﾎ ﾍﾀﾐﾓﾘﾅﾍﾈﾈ ﾐﾅﾆﾈﾌﾀ ﾐﾀﾁﾎﾒﾛ ﾁﾓﾃ

ﾄﾈ  ﾏﾐﾅﾄﾓﾏ
==ﾞﾂ_01=7466 

==ﾍﾆﾂ_10=10345 

==ﾁﾓﾃ_02=2153 

==ﾐﾓﾏﾐﾓ_04=170444 

ﾎﾊﾐ  ﾋ22

ﾓﾒﾖ 

17ﾌﾀﾐ8272/17ﾌﾀﾐ30/ﾞﾂ 

ﾍﾎﾂ 

ﾞﾂ332 

30ﾌﾀﾐ  08ﾈﾞﾍ 3

ﾏ  ﾖﾐ2 ﾝ ﾊﾊﾇ

ﾍﾆﾂ(1)0500  ﾁﾓﾃ0730

// 

ﾄﾈ  ﾏﾐﾅﾄﾓﾏﾐﾅﾆﾄﾀﾅﾌ ﾎ ﾍﾀﾐﾓﾘﾅﾍﾈﾈ ﾐﾅﾆﾈﾌﾀ ﾐﾀﾁﾎﾒﾛ ﾍﾆﾂ

ﾄﾈ  ﾏﾐﾅﾄﾓﾏﾐﾅﾆﾄﾀﾅﾌ ﾎ ﾍﾀﾐﾓﾘﾅﾍﾈﾈ 
==ﾞﾂ_01=7461 

==ﾍﾆﾂ_10=10344 

==ﾂﾃﾃ_04=7568 

==ﾐﾓﾏﾐﾓ_04=170431 

==ﾊﾊﾇ_04=29872 

ﾎﾊﾐ  ﾋ22

ﾓﾒﾖ 

16ﾌﾀﾐ8231/16ﾌﾀﾐ29/ﾞﾂ 

ﾍﾎﾂ 

ﾞﾂ595 

29ﾌﾀﾐ  07ﾈﾞﾍ 2

ﾏ  ﾖﾐ2 ﾝ ﾊﾊﾇ

ﾂﾃﾃ2250  ﾊﾇﾍ/ﾊﾊﾇ0030/1

ﾊﾇﾍ/ﾊﾊﾇ0130/1  ﾍﾆﾂ(1)0410/1

// 

ﾄﾈ  ﾏﾐﾅﾄﾓﾏﾐﾅﾆﾄﾀﾅﾌ ﾎ ﾍﾀﾐﾓﾘﾅﾍﾈﾈ 
==ﾞﾂ_01=7458 

==ﾍﾆﾂ_10=10342 

==ﾁﾓﾃ_02=2151 

==ﾐﾓﾏﾐﾓ_04=170428 

ﾎﾊﾐ  ﾋ22

ﾓﾒﾖ 

16ﾌﾀﾐ8228/16ﾌﾀﾐ29/ﾞﾂ 

ﾍﾎﾂ 

ﾞﾂ331 

29ﾌﾀﾐ  07ﾈﾞﾍ 2

ﾏ  ﾖﾐ2 ﾝ ﾊﾊﾇ

ﾁﾓﾃ1310  ﾍﾆﾂ(1)1540

// 

ﾄﾈ  ﾏﾐﾅﾄﾓﾏﾐﾅﾆﾄﾀﾅﾌ ﾎ ﾍﾀﾐﾓﾘﾅﾍﾈﾈ ﾐﾅﾆﾈﾌﾀ ﾐﾀﾁﾎﾒﾛ ﾁﾓﾃ

ﾄﾈ  ﾏﾐﾅﾄﾓﾏﾐﾅﾆﾄﾀﾅﾌ ﾎ ﾍﾀﾐﾓﾘﾅﾍﾈﾈ 
==ﾞﾂ_01=7459 

==ﾍﾆﾂ_10=10343 

==ﾂﾃﾃ_04=7567 

==ﾐﾓﾏﾐﾓ_04=170429 

==ﾊﾊﾇ_04=29870 

ﾎﾊﾐ  ﾋ22

ﾓﾒﾖ 

16ﾌﾀﾐ8229/16ﾌﾀﾐ29/ﾞﾂ 

ﾍﾎﾂ 

ﾞﾂ596 

29ﾌﾀﾐ  07ﾈﾞﾍ 2

ﾏ  ﾖﾐ2 ﾝ ﾊﾊﾇ

ﾍﾆﾂ(1)1640  ﾊﾇﾍ/ﾊﾊﾇ1910

ﾊﾇﾍ/ﾊﾊﾇ2010  ﾂﾃﾃ2155

// 

ﾄﾈ  ﾏﾐﾅﾄﾓﾏﾐﾅﾆﾄﾀﾅﾌ ﾎ ﾍﾀﾐﾓﾘﾅﾍﾈﾈ ﾐﾅﾆﾈﾌﾀ
==ﾍﾆﾂ_10=10341 

==ﾐﾙﾍ_06=20061 

==ﾞﾒ_04=35458 

ﾎﾊﾐ  ﾋ22

ﾋﾒ 

16ﾌﾀﾐ8176/16ﾌﾀﾐ354/ﾞﾒ 

ﾈﾇﾌ 

ﾏﾄﾊ  27ﾌﾀﾐ 26ﾎﾊﾒ 37

ﾞﾒ288 

27ﾌﾀﾐ  26ﾎﾊﾒ 37

ﾏ  ﾀﾒ7 ﾝﾐﾑﾊﾒﾕﾙﾋﾂﾆﾍﾞﾎﾟﾃﾓﾅ.ﾝ70 ﾂﾍﾊ

ﾍﾆﾂ(1)0850  ﾒﾞﾌ/ﾐﾙﾍ1100

// 

ﾄﾈ  ﾏﾐﾅﾄﾓﾏﾐﾅﾆﾄﾀﾅﾌ ﾎ ﾍﾀﾐﾓﾘﾅﾍﾈﾈ ﾐﾅﾆﾈﾌﾀ ﾐﾀﾁﾎﾒﾛ ﾍﾆﾂ

ﾄﾈ
==ﾍﾆﾂ_10=10339 

==ﾐﾌﾎ_01=102 

==ﾞﾒ_04=35414 

ﾎﾊﾐ  ﾋ22

ﾋﾒ 

16ﾌﾀﾐ7985/16ﾌﾀﾐ347/ﾞﾒ 

ﾎﾒﾌ 

ﾞﾒ259 

30ﾌﾀﾐ  26ﾎﾊﾒ 37

// 

ﾄﾈ  ﾎﾒﾌﾅﾍﾀ ﾐﾅﾉﾑﾀ ﾞﾒ-259       ﾒﾁﾋ/ﾐﾌﾎ-ﾍﾆﾂ

// 

ﾏﾎﾄ  ﾒﾐﾓﾔﾀﾍﾎﾂ

 @
==ﾍﾆﾂ_10=10340 

==ﾐﾌﾎ_01=103 

==ﾞﾒ_04=35415 

ﾎﾊﾐ  ﾋ22

ﾋﾒ 

16ﾌﾀﾐ7986/16ﾌﾀﾐ347/ﾞﾒ 

ﾎﾒﾌ 

ﾞﾒ260 

30ﾌﾀﾐ  26ﾎﾊﾒ 37

// 

ﾄﾈ  ﾎﾒﾌﾅﾍﾀ ﾐﾅﾉﾑﾀ ﾞﾒ-260       ﾍﾆﾂ-ﾒﾁﾋ/ﾐﾌﾎ

// 

ﾏﾎﾄ  ﾒﾐﾓﾔﾀﾍﾎﾂ

 @
==ﾊﾋ_01=106535 

==ﾍﾆﾂ_10=10338 

==ﾑﾎﾗ_03=60036 

ﾎﾊﾐ  ﾋ22

ﾓﾒﾖ 

15ﾌﾀﾐ7933/15ﾌﾀﾐ284/ﾊﾋ 

ﾈﾇﾌ 

ﾏﾄﾊ  29ﾌﾀﾉ 26ﾎﾊﾒ 37

N4447 

29ﾌﾀﾉ  23ﾎﾊﾒ 7

ﾏ  73ﾕ ﾝ ﾘﾐﾌ

ﾑﾎﾗ1800  ﾍﾆﾂ(1)2220

// 

N4447 

01ﾈﾞﾍ  26ﾎﾊﾒ 3

ﾏ  73ﾕ ﾝ ﾘﾐﾌ

ﾑﾎﾗ1805  ﾍﾆﾂ(1)2225

// 

ﾄﾈ  ﾏﾐﾅﾄﾓﾏ
==ﾊﾋ_01=106534 

==ﾍﾆﾂ_10=10337 

==ﾑﾎﾗ_03=60035 

ﾎﾊﾐ  ﾋ22

ﾓﾒﾖ 

15ﾌﾀﾐ7932/15ﾌﾀﾐ283/ﾊﾋ 

ﾈﾇﾌ 

ﾏﾄﾊ  29ﾌﾀﾉ 26ﾎﾊﾒ 37

N4448 

29ﾌﾀﾉ  26ﾎﾊﾒ 37

ﾏ  73ﾕ ﾝ ﾘﾐﾌ

ﾍﾆﾂ(1)2340  ﾑﾎﾗ0415/1

// 

ﾄﾈ  ﾏﾐﾅﾄﾓﾏﾐﾅﾆﾄﾀﾅﾌ ﾎ ﾍﾀﾐﾓﾘﾅﾍﾈﾈ ﾐﾅﾆﾈﾌﾀ ﾐﾀﾁﾎﾒﾛ ﾍﾆﾂ

// 

ﾏﾎﾄ  ﾒﾐﾓﾔﾀﾍﾎﾂ

 @
==ﾘﾐﾌ_02=272150 

==ﾍﾆﾂ_10=10336 

==ﾑﾓ_03=231295 

ﾎﾊﾐ  ﾇ21

ﾓﾒﾖ 

15ﾌﾀﾐ69513/15ﾌﾀﾐ15567/ﾑﾓ 

ﾎﾒﾌ 

ﾑﾓ1473 

19ﾌﾀﾐ  20ﾌﾀﾐ 67

// 

ﾄﾈ  ﾎﾒﾌﾅﾍﾀ ﾐﾅﾉﾑﾀ ﾑﾓ-1473      ﾍﾆﾂ-ﾌﾎﾂ/ﾘﾐﾌ

// 

ﾏﾎﾄ  ﾒﾐﾓﾔﾀﾍﾎﾂ

 @
==ﾘﾐﾌ_02=272149 

==ﾍﾆﾂ_10=10335 

==ﾑﾓ_03=231294 

ﾎﾊﾐ  ﾇ21

ﾓﾒﾖ 

15ﾌﾀﾐ69512/15ﾌﾀﾐ15566/ﾑﾓ 

ﾎﾒﾌ 

ﾑﾓ1472 

19ﾌﾀﾐ  20ﾌﾀﾐ 67

// 

ﾄﾈ  ﾎﾒﾌﾅﾍﾀ ﾐﾅﾉﾑﾀ ﾑﾓ-1472      ﾌﾎﾂ/ﾘﾐﾌ-ﾍﾆﾂ

// 

ﾏﾎﾄ  ﾒﾐﾓﾔﾀﾍﾎﾂ

 @
==ﾘﾐﾌ_02=272063 

==ﾍﾆﾂ_10=10334 

==ﾑﾓ_03=231178 

ﾎﾊﾐ  ﾇ21

ﾓﾒﾖ 

15ﾌﾀﾐ69391/15ﾌﾀﾐ15474/ﾑﾓ 

ﾈﾇﾌ 

ﾏﾄﾊ  19ﾌﾀﾐ 20ﾌﾀﾐ 67

ﾑﾓ1647 

19ﾌﾀﾐ  19ﾌﾀﾐ 6

ﾏ  32ﾀ .ﾁ8ﾝ150 ﾘﾐﾌ

ﾍﾆﾂ(1)0045  ﾌﾎﾂ/ﾘﾐﾌ(B)0430

// 

ﾑﾓ1647 

20ﾌﾀﾐ  20ﾌﾀﾐ 7

ﾏ  32ﾍ .ﾁ12ﾝ144 ﾘﾐﾌ

ﾍﾆﾂ(1)0045
==ﾘﾐﾌ_02=272062 

==ﾍﾆﾂ_10=10333 

==ﾑﾓ_03=231177 

ﾎﾊﾐ  ﾇ21

ﾓﾒﾖ 

15ﾌﾀﾐ69390/15ﾌﾀﾐ15473/ﾑﾓ 

ﾈﾇﾌ 

ﾏﾄﾊ  19ﾌﾀﾐ 20ﾌﾀﾐ 67

ﾑﾓ1646 

20ﾌﾀﾐ  20ﾌﾀﾐ 7

ﾏ  32ﾀ .ﾁ8ﾝ150 ﾘﾐﾌ

ﾌﾎﾂ/ﾘﾐﾌ(B)1950  ﾍﾆﾂ(1)2330

// 

ﾑﾓ1646 

19ﾌﾀﾐ  19ﾌﾀﾐ 6

ﾏ  32ﾍ .ﾁ12ﾝ144 ﾘﾐﾌ

ﾌﾎﾂ/ﾘﾐﾌ(B)
==ﾍﾆﾂ_10=10330 

==ﾍﾏ_11=226 

ﾎﾊﾐ  ﾋ22

ﾋﾒ 

14ﾌﾀﾐ7637/09ﾌﾀﾐ7/ﾍﾏ 

ﾍﾎﾂ 

ﾍﾏ9809 

ﾀﾏﾐ  14 28

ﾌﾀﾉ  05 12

ﾈﾞﾍ  09 30

ﾈﾞﾋ  07 21

ﾀﾂﾃ  11 25

ﾑﾅﾍ  01 15

ﾎﾊﾒ  20 27

ﾏ  ﾌﾈ8 ﾝ15 ﾍﾆﾂ

ﾊﾈﾞ1210  ﾋﾐﾟ1300

ﾋﾐﾟ1330  ﾍﾆﾂ(1)1450

// 

ﾄﾈ  ﾏﾐﾅﾄﾓﾏﾐﾅﾆﾄﾀﾅﾌ ﾎ ﾍﾀﾐﾓﾘﾅﾍﾈﾈ
==ﾍﾆﾂ_10=10327 

==ﾍﾏ_11=223 

ﾎﾊﾐ  ﾋ22

ﾋﾒ 

14ﾌﾀﾐ7632/09ﾌﾀﾐ4/ﾍﾏ 

ﾍﾎﾂ 

ﾍﾏ9806 

05ﾀﾏﾐ  12ﾀﾏﾐ 2

03ﾌﾀﾉ  10ﾌﾀﾉ 2

07ﾈﾞﾍ  14ﾈﾞﾍ 2

05ﾈﾞﾋ  12ﾈﾞﾋ 2

09ﾀﾂﾃ  16ﾀﾂﾃ 2

06ﾑﾅﾍ  13ﾑﾅﾍ 2

04ﾎﾊﾒ  11ﾎﾊﾒ 2

ﾏ  ﾌﾈ8 ﾝ15 ﾍﾆﾂ

ﾍﾆﾂ(1)0910  ﾑﾁﾐ1045

ﾑﾁﾐ1055  ﾊﾈﾞ1130

// 

ﾄ
==ﾍﾆﾂ_10=10332 

==ﾍﾏ_11=228 

ﾎﾊﾐ  ﾋ22

ﾋﾒ 

14ﾌﾀﾐ7639/09ﾌﾀﾐ9/ﾍﾏ 

ﾍﾎﾂ 

ﾍﾏ9820 

ﾀﾏﾐ  09 19 23 26

ﾌﾀﾉ  14 17 21 24

ﾈﾞﾍ  11 18 21 28

ﾈﾞﾋ  16 19 23 26

ﾀﾂﾃ  13 20 23 30

ﾑﾅﾍ  10 17 20 27

ﾎﾊﾒ  15 18 22 25

ﾏ  ﾌﾈ8 ﾝ15 ﾍﾆﾂ

ﾊﾈﾞ1140  ﾍﾆﾂ(1)1340

// 

ﾄﾈ  ﾏ
==ﾍﾆﾂ_10=10324 

==ﾍﾏ_11=220 

ﾎﾊﾐ  ﾋ22

ﾋﾒ 

14ﾌﾀﾐ7629/09ﾌﾀﾐ1/ﾍﾏ 

ﾍﾎﾂ 

ﾍﾏ9803 

ﾀﾏﾐ  02 30

ﾌﾀﾉ  07 28

ﾈﾞﾍ  04 25

ﾈﾞﾋ  09 30

ﾀﾂﾃ  06 27

ﾑﾅﾍ  03 24

ﾎﾊﾒ  08 29

ﾏ  ﾌﾈ8 ﾝ15 ﾍﾆﾂ

ﾍﾆﾂ(1)0910  ﾋﾐﾟ1030

ﾋﾐﾟ1100  ﾗﾅﾕ1115

ﾗﾅﾕ1125  ﾁﾎﾊ1135

ﾁﾎﾊ1145  ﾊﾈﾞ1225
==ﾍﾆﾂ_10=10326 

==ﾍﾏ_11=222 

ﾎﾊﾐ  ﾋ22

ﾋﾒ 

14ﾌﾀﾐ7631/09ﾌﾀﾐ3/ﾍﾏ 

ﾍﾎﾂ 

ﾍﾏ9805 

06ﾀﾏﾐ  11ﾌﾀﾉ 3

ﾏ  ﾌﾈ8 ﾝ15 ﾍﾆﾂ

ﾍﾆﾂ(1)0810  ﾏﾓﾐ0850

ﾏﾓﾐ0855  ﾁﾛﾋ0920

ﾁﾛﾋ0925  ﾂﾌﾏ0935

ﾂﾌﾏ0940  ﾍﾆﾂ(1)1010

// 

ﾄﾈ  ﾏﾐﾅﾄﾓﾏﾐﾅﾆﾄﾀﾅﾌ ﾎ ﾍﾀﾐﾓﾘﾅﾍﾈﾈ ﾐﾅﾆﾈﾌﾀ ﾐﾀﾁﾎﾒﾛ ﾍﾆﾂ

ﾄﾈ  ﾏﾐﾅﾄﾓ
==ﾍﾆﾂ_10=10325 

==ﾍﾏ_11=221 

ﾎﾊﾐ  ﾋ22

ﾋﾒ 

14ﾌﾀﾐ7630/09ﾌﾀﾐ2/ﾍﾏ 

ﾍﾎﾂ 

ﾍﾏ9804 

ﾀﾏﾐ  02 30

ﾌﾀﾉ  07 28

ﾈﾞﾍ  04 25

ﾈﾞﾋ  09 30

ﾀﾂﾃ  06 27

ﾑﾅﾍ  03 24

ﾎﾊﾒ  08 29

ﾏ  ﾌﾈ8 ﾝ15 ﾍﾆﾂ

ﾊﾈﾞ1255  ﾁﾎﾊ1335

ﾁﾎﾊ1345  ﾗﾅﾕ1355

ﾗﾅﾕ1405  ﾋﾐﾟ1420

ﾋﾐﾟ1450  ﾍﾆﾂ(1)1610
==ﾍﾆﾂ_10=10331 

==ﾍﾏ_11=227 

ﾎﾊﾐ  ﾋ22

ﾋﾒ 

14ﾌﾀﾐ7638/09ﾌﾀﾐ8/ﾍﾏ 

ﾍﾎﾂ 

ﾍﾏ9819 

ﾀﾏﾐ  09 19 23 26

ﾌﾀﾉ  14 17 21 24

ﾈﾞﾍ  11 18 21 28

ﾈﾞﾋ  16 19 23 26

ﾀﾂﾃ  13 20 23 30

ﾑﾅﾍ  10 17 20 27

ﾎﾊﾒ  15 18 22 25

ﾏ  ﾌﾈ8 ﾝ15 ﾍﾆﾂ

ﾍﾆﾂ(1)0910  ﾊﾈﾞ1110

// 

ﾄﾈ  ﾏ
==ﾍﾆﾂ_10=10329 

==ﾍﾏ_11=225 

ﾎﾊﾐ  ﾋ22

ﾋﾒ 

14ﾌﾀﾐ7636/09ﾌﾀﾐ6/ﾍﾏ 

ﾍﾎﾂ 

ﾍﾏ9808 

ﾀﾏﾐ  14 28

ﾌﾀﾉ  05 12

ﾈﾞﾍ  09 30

ﾈﾞﾋ  07 21

ﾀﾂﾃ  11 25

ﾑﾅﾍ  01 15

ﾎﾊﾒ  20 27

ﾏ  ﾌﾈ8 ﾝ15 ﾍﾆﾂ

ﾍﾆﾂ(1)0910  ﾋﾐﾟ1030

ﾋﾐﾟ1100  ﾊﾈﾞ1150

// 

ﾄﾈ  ﾏﾐﾅﾄﾓﾏﾐﾅﾆﾄﾀﾅﾌ ﾎ ﾍﾀﾐﾓﾘﾅﾍﾈﾈ
==ﾍﾆﾂ_10=10328 

==ﾍﾏ_11=224 

ﾎﾊﾐ  ﾋ22

ﾋﾒ 

14ﾌﾀﾐ7635/09ﾌﾀﾐ5/ﾍﾏ 

ﾍﾎﾂ 

ﾍﾏ9807 

05ﾀﾏﾐ  12ﾀﾏﾐ 2

03ﾌﾀﾉ  10ﾌﾀﾉ 2

07ﾈﾞﾍ  14ﾈﾞﾍ 2

05ﾈﾞﾋ  12ﾈﾞﾋ 2

09ﾀﾂﾃ  16ﾀﾂﾃ 2

06ﾑﾅﾍ  13ﾑﾅﾍ 2

04ﾎﾊﾒ  11ﾎﾊﾒ 2

ﾏ  ﾌﾈ8 ﾝ15 ﾍﾆﾂ

ﾊﾈﾞ1200  ﾑﾁﾐ1235

ﾑﾁﾐ1245  ﾍﾆﾂ(1)1420

// 

ﾄ
==ﾍﾆﾂ_10=10323 

==ﾐﾙﾍ_06=20028 

==ﾞﾒ_04=35352 

ﾎﾊﾐ  ﾇ21

ﾋﾒ 

14ﾌﾀﾐ68985/14ﾌﾀﾐ1853/ﾞﾒ 

ﾈﾇﾌ 

ﾏﾄﾊ  20ﾌﾀﾐ 20ﾌﾀﾐ 7

ﾞﾒ288 

20ﾌﾀﾐ  20ﾌﾀﾐ 7

ﾏ  ﾀﾒ7 ﾝﾐﾑﾊﾒﾕﾙﾋﾂﾆﾍﾞﾎﾟﾃﾓﾅ.ﾝ70 ﾂﾍﾊ

ﾍﾆﾂ(1)0850  ﾒﾞﾌ/ﾐﾙﾍ1100

// 

ﾄﾈ  ﾏﾐﾅﾄﾓﾏﾐﾅﾆﾄﾀﾅﾌ ﾎ ﾍﾀﾐﾓﾘﾅﾍﾈﾈ ﾐﾅﾆﾈﾌﾀ ﾐﾀﾁﾎﾒﾛ ﾍﾆﾂ

//
==ﾍﾆﾂ_10=10322 

==ﾐﾌﾎ_01=95 

==ﾞﾒ_04=35339 

ﾎﾊﾐ  ﾇ21

ﾋﾒ 

14ﾌﾀﾐ68826/14ﾌﾀﾐ1850/ﾞﾒ 

ﾎﾒﾌ 

ﾞﾒ260 

20ﾌﾀﾐ  20ﾌﾀﾐ 7

// 

ﾄﾈ  ﾎﾒﾌﾅﾍﾀ ﾐﾅﾉﾑﾀ ﾞﾒ-260       ﾍﾆﾂ-ﾒﾁﾋ/ﾐﾌﾎ

// 

ﾏﾎﾄ  ﾒﾐﾓﾔﾀﾍﾎﾂ

 @
==ﾍﾆﾂ_10=10321 

==ﾐﾌﾎ_01=94 

==ﾞﾒ_04=35338 

ﾎﾊﾐ  ﾇ21

ﾋﾒ 

14ﾌﾀﾐ68825/14ﾌﾀﾐ1850/ﾞﾒ 

ﾎﾒﾌ 

ﾞﾒ259 

20ﾌﾀﾐ  20ﾌﾀﾐ 7

// 

ﾄﾈ  ﾎﾒﾌﾅﾍﾀ ﾐﾅﾉﾑﾀ ﾞﾒ-259       ﾒﾁﾋ/ﾐﾌﾎ-ﾍﾆﾂ

// 

ﾏﾎﾄ  ﾒﾐﾓﾔﾀﾍﾎﾂ

 @
==ﾍﾆﾂ_10=10319 

==ﾐﾌﾎ_01=84 

==ﾞﾒ_04=35324 

ﾎﾊﾐ  ﾋ22

ﾋﾒ 

14ﾌﾀﾐ7562/14ﾌﾀﾐ334/ﾞﾒ 

ﾎﾒﾌ 

ﾞﾒ259 

27ﾌﾀﾐ  27ﾌﾀﾐ 7

// 

ﾄﾈ  ﾎﾒﾌﾅﾍﾀ ﾐﾅﾉﾑﾀ ﾞﾒ-259       ﾒﾁﾋ/ﾐﾌﾎ-ﾍﾆﾂ

// 

ﾏﾎﾄ  ﾒﾐﾓﾔﾀﾍﾎﾂ

 @
==ﾍﾆﾂ_10=10320 

==ﾐﾌﾎ_01=85 

==ﾞﾒ_04=35325 

ﾎﾊﾐ  ﾋ22

ﾋﾒ 

14ﾌﾀﾐ7563/14ﾌﾀﾐ334/ﾞﾒ 

ﾎﾒﾌ 

ﾞﾒ260 

27ﾌﾀﾐ  27ﾌﾀﾐ 7

// 

ﾄﾈ  ﾎﾒﾌﾅﾍﾀ ﾐﾅﾉﾑﾀ ﾞﾒ-260       ﾍﾆﾂ-ﾒﾁﾋ/ﾐﾌﾎ

// 

ﾏﾎﾄ  ﾒﾐﾓﾔﾀﾍﾎﾂ

 @
==ﾘﾐﾌ_02=271694 

==ﾍﾆﾂ_10=10317 

==ﾑﾓ_03=230912 

ﾎﾊﾐ  ﾇ21

ﾓﾒﾖ 

14ﾌﾀﾐ68658/14ﾌﾀﾐ15280/ﾑﾓ 

ﾎﾒﾌ 

ﾑﾓ1472 

17ﾌﾀﾐ  18ﾌﾀﾐ 45

// 

ﾄﾈ  ﾎﾒﾌﾅﾍﾀ ﾐﾅﾉﾑﾀ ﾑﾓ-1472      ﾌﾎﾂ/ﾘﾐﾌ-ﾍﾆﾂ

// 

ﾏﾎﾄ  ﾒﾐﾓﾔﾀﾍﾎﾂ

 @
==ﾘﾐﾌ_02=271695 

==ﾍﾆﾂ_10=10318 

==ﾑﾓ_03=230913 

ﾎﾊﾐ  ﾇ21

ﾓﾒﾖ 

14ﾌﾀﾐ68659/14ﾌﾀﾐ15281/ﾑﾓ 

ﾎﾒﾌ 

ﾑﾓ1473 

17ﾌﾀﾐ  18ﾌﾀﾐ 45

// 

ﾄﾈ  ﾎﾒﾌﾅﾍﾀ ﾐﾅﾉﾑﾀ ﾑﾓ-1473      ﾍﾆﾂ-ﾌﾎﾂ/ﾘﾐﾌ

// 

ﾏﾎﾄ  ﾒﾐﾓﾔﾀﾍﾎﾂ

 @
==ﾘﾐﾌ_02=271411 

==ﾍﾆﾂ_10=10316 

==ﾑﾓ_03=230637 

ﾎﾊﾐ  ﾇ21

ﾓﾒﾖ 

11ﾌﾀﾐ67447/11ﾌﾀﾐ15016/ﾑﾓ 

ﾎﾒﾌ 

ﾑﾓ1473 

14ﾌﾀﾐ  16ﾌﾀﾐ 123

// 

ﾄﾈ  ﾎﾒﾌﾅﾍﾀ ﾐﾅﾉﾑﾀ ﾑﾓ-1473      ﾍﾆﾂ-ﾌﾎﾂ/ﾘﾐﾌ

// 

ﾏﾎﾄ  ﾒﾐﾓﾔﾀﾍﾎﾂ

 @
==ﾘﾐﾌ_02=271410 

==ﾍﾆﾂ_10=10315 

==ﾑﾓ_03=230636 

ﾎﾊﾐ  ﾇ21

ﾓﾒﾖ 

11ﾌﾀﾐ67446/11ﾌﾀﾐ15015/ﾑﾓ 

ﾎﾒﾌ 

ﾑﾓ1472 

14ﾌﾀﾐ  16ﾌﾀﾐ 123

// 

ﾄﾈ  ﾎﾒﾌﾅﾍﾀ ﾐﾅﾉﾑﾀ ﾑﾓ-1472      ﾌﾎﾂ/ﾘﾐﾌ-ﾍﾆﾂ

// 

ﾏﾎﾄ  ﾒﾐﾓﾔﾀﾍﾎﾂ

 @
==ﾍﾆﾂ_10=10314 

==ﾀ4_02=6282 

==ﾀﾗ_01=6285 

==ﾌﾐﾂ_02=17771 

ﾎﾊﾐ  ﾇ21

ﾋﾒ 

11ﾌﾀﾐ67322/11ﾌﾀﾐ1514/ﾀ4 

ﾈﾇﾌ 

ﾏﾄﾊ  ﾌﾀﾐ 15 19 22

ﾀ4668 

ﾌﾀﾐ  15 19 22

ﾏ  ﾑﾓ9 ﾝ ﾐﾎﾂ

ﾍﾆﾂ(1)1210  ﾌﾐﾂ1420

// 

ﾄﾈ  ﾏﾐﾅﾄﾓﾏﾐﾅﾆﾄﾀﾅﾌ ﾎ ﾍﾀﾐﾓﾘﾅﾍﾈﾈ ﾐﾅﾆﾈﾌﾀ ﾐﾀﾁﾎﾒﾛ ﾍﾆﾂ

// 

ﾏﾎﾄ  ﾒﾐﾓﾔ
==ﾍﾆﾂ_10=10313 

==ﾀ4_02=6261 

==ﾍﾆﾊ_04=5361 

==ﾀﾗ_01=6264 

==ﾐﾓﾏﾐﾓ_04=169850 

ﾎﾊﾐ  ﾇ21

ﾋﾒ 

11ﾌﾀﾐ67242/11ﾌﾀﾐ1495/ﾀ4 

ﾈﾇﾌ 

ﾏﾄﾊ  ﾌﾀﾐ 15 19 22

ﾀ4868 

ﾌﾀﾐ  15 19 22

ﾏ  ﾑﾓ9 ﾝ ﾐﾎﾂ

ﾍﾆﾊ0640  ﾍﾆﾂ(1)1105

// 

ﾄﾈ  ﾏﾐﾅﾄﾓﾏﾐﾅﾆﾄﾀﾅﾌ ﾎ ﾍﾀﾐﾓﾘﾅﾍﾈﾈ ﾐﾅﾆﾈﾌﾀ ﾐﾀﾁﾎﾒﾛ 
==ﾍﾆﾂ_10=10311 

==ﾀ4_02=6259 

==ﾍﾆﾊ_04=5359 

==ﾀﾗ_01=6262 

==ﾐﾓﾏﾐﾓ_04=169848 

==ﾐﾎﾂ_04=29855 

ﾎﾊﾐ  ﾇ21

ﾋﾒ 

11ﾌﾀﾐ67240/11ﾌﾀﾐ1493/ﾀ4 

ﾎﾒﾌ 

ﾀ4268 

ﾌﾀﾐ  14 18 21

// 

ﾄﾈ  ﾎﾒﾌﾅﾍﾀ ﾐﾅﾉﾑﾀ ﾀ4-268       ﾍﾆﾂ-ﾍﾆﾊ-ﾐﾎﾂ

// 

ﾏﾎﾄ  ﾒﾐﾓﾔﾀﾍﾎﾂ

 @
==ﾍﾆﾂ_10=10312 

==ﾀ4_02=6260 

==ﾍﾆﾊ_04=5360 

==ﾀﾗ_01=6263 

==ﾐﾓﾏﾐﾓ_04=169849 

ﾎﾊﾐ  ﾇ21

ﾋﾒ 

11ﾌﾀﾐ67241/11ﾌﾀﾐ1494/ﾀ4 

ﾈﾇﾌ 

ﾏﾄﾊ  ﾌﾀﾐ 15 19 22

ﾀ4867 

ﾌﾀﾐ  15 19 22

ﾏ  ﾑﾓ9 ﾝ ﾐﾎﾂ

ﾍﾆﾂ(1)0510  ﾍﾆﾊ0540

// 

ﾄﾈ  ﾏﾐﾅﾄﾓﾏﾐﾅﾆﾄﾀﾅﾌ ﾎ ﾍﾀﾐﾓﾘﾅﾍﾈﾈ ﾐﾅﾆﾈﾌﾀ ﾐﾀﾁﾎﾒﾛ 
==ﾍﾆﾂ_10=10310 

==ﾀ4_02=6258 

==ﾍﾆﾊ_04=5358 

==ﾀﾗ_01=6261 

==ﾐﾓﾏﾐﾓ_04=169846 

==ﾐﾎﾂ_04=29854 

ﾎﾊﾐ  ﾇ21

ﾋﾒ 

11ﾌﾀﾐ67232/11ﾌﾀﾐ1492/ﾀ4 

ﾎﾒﾌ 

ﾀ4267 

13ﾌﾀﾐ  20ﾌﾀﾐ 47

// 

ﾄﾈ  ﾎﾒﾌﾅﾍﾀ ﾐﾅﾉﾑﾀ ﾀ4-267       ﾐﾎﾂ-ﾍﾆﾊ-ﾍﾆﾂ

// 

ﾏﾎﾄ  ﾒﾐﾓﾔﾀﾍﾎﾂ

 @
==ﾔﾂ_05=161053 

==ﾍﾆﾂ_10=10308 

==ﾏﾋﾊ_01=140670 

==ﾐﾓﾑﾇﾓ_04=10839 

ﾎﾊﾐ  ﾋ22

ﾓﾒﾖ 

10ﾌﾀﾐ7359/10ﾌﾀﾐ908/ﾔﾂ 

ﾈﾇﾌ 

ﾏﾄﾊ  27ﾌﾀﾐ 28ﾎﾊﾒ 1457

FV6111 

27ﾌﾀﾐ  28ﾎﾊﾒ 1457

ﾏ  ﾑﾓ9 .ﾏ0ﾁ12ﾝ75 ﾏﾋﾊ

ﾑﾏﾒ/ﾏﾋﾊ(1)1755  ﾍﾆﾂ(1)2120

ﾏﾋﾊﾍﾆﾂ  800/F0C12Y75

ﾏﾋﾊﾍﾆﾂ  801/F0C1
==ﾔﾂ_05=161054 

==ﾍﾆﾂ_10=10309 

==ﾏﾋﾊ_01=140671 

==ﾐﾓﾑﾇﾓ_04=10840 

ﾎﾊﾐ  ﾋ22

ﾓﾒﾖ 

10ﾌﾀﾐ7360/10ﾌﾀﾐ909/ﾔﾂ 

ﾈﾇﾌ 

ﾏﾄﾊ  27ﾌﾀﾐ 28ﾎﾊﾒ 1457

FV6112 

27ﾌﾀﾐ  28ﾎﾊﾒ 1457

ﾏ  ﾑﾓ9 .ﾏ0ﾁ12ﾝ75 ﾏﾋﾊ

ﾍﾆﾂ(1)2230  ﾑﾏﾒ/ﾏﾋﾊ(1)0210/1

ﾍﾆﾂﾏﾋﾊ  800/F0C12Y75

ﾍﾆﾂﾏﾋﾊ  801/F0
==ﾊﾋ_01=106021 

==ﾍﾆﾂ_10=10307 

==ﾑﾎﾗ_03=59522 

ﾎﾊﾐ  ﾋ22

ﾓﾒﾖ 

09ﾌﾀﾐ7009/09ﾌﾀﾐ217/ﾊﾋ 

ﾍﾎﾂ 

N4447 

29ﾌﾀﾉ  23ﾎﾊﾒ 7

ﾏ  73ﾕ ﾝ ﾘﾐﾌ

ﾑﾎﾗ1800  ﾍﾆﾂ(1)2220

// 

N4447 

01ﾈﾞﾍ  26ﾎﾊﾒ 3

ﾏ  73ﾕ ﾝ ﾘﾐﾌ

ﾑﾎﾗ1805  ﾍﾆﾂ(1)2225

// 

ﾄﾈ  ﾏﾐﾅﾄﾓﾏﾐﾅﾆﾄﾀﾅﾌ ﾎ ﾍﾀﾐﾓﾘﾅﾍﾈﾈ ﾐ
==ﾊﾋ_01=106020 

==ﾍﾆﾂ_10=10306 

==ﾑﾎﾗ_03=59521 

ﾎﾊﾐ  ﾋ22

ﾓﾒﾖ 

09ﾌﾀﾐ7008/09ﾌﾀﾐ216/ﾊﾋ 

ﾍﾎﾂ 

N4448 

29ﾌﾀﾉ  26ﾎﾊﾒ 37

ﾏ  73ﾕ ﾝ ﾘﾐﾌ

ﾍﾆﾂ(1)2340  ﾑﾎﾗ0415/1

// 

ﾄﾈ  ﾏﾐﾅﾄﾓﾏﾐﾅﾆﾄﾀﾅﾌ ﾎ ﾍﾀﾐﾓﾘﾅﾍﾈﾈ ﾐﾅﾆﾈﾌﾀ ﾐﾀﾁﾎﾒﾛ ﾍﾆﾂ

// 

ﾏﾎﾄ  ﾒﾐﾓﾔﾀﾍﾎﾂ

 @
==ﾘﾐﾌ_02=270684 

==ﾍﾆﾂ_10=10305 

==ﾑﾓ_03=229993 

ﾎﾊﾐ  ﾋ22

ﾓﾒﾖ 

09ﾌﾀﾐ6949/09ﾌﾀﾐ1159/ﾑﾓ 

ﾈﾇﾌ 

ﾏﾄﾊ  27ﾌﾀﾐ 29ﾎﾊﾒ 1234567

ﾑﾓ1647 

28ﾌﾀﾐ  01ﾀﾏﾐ 12345

ﾏ  32ﾀ .ﾁ8ﾝ150 ﾘﾐﾌ

ﾍﾆﾂ(1)0025  ﾌﾎﾂ/ﾘﾐﾌ(B)0400

// 

ﾑﾓ1647 

27ﾌﾀﾐ  27ﾌﾀﾐ 7

ﾏ  32ﾀ .ﾁ8ﾝ150 ﾘﾐﾌ

ﾍﾆﾂ(
==ﾘﾐﾌ_02=270683 

==ﾍﾆﾂ_10=10304 

==ﾑﾓ_03=229992 

ﾎﾊﾐ  ﾋ22

ﾓﾒﾖ 

09ﾌﾀﾐ6948/09ﾌﾀﾐ1158/ﾑﾓ 

ﾈﾇﾌ 

ﾏﾄﾊ  27ﾌﾀﾐ 29ﾎﾊﾒ 1234567

ﾑﾓ1646 

ﾌﾀﾐ  27 28 29 30 31

ﾏ  32ﾀ .ﾁ8ﾝ150 ﾘﾐﾌ

ﾌﾎﾂ/ﾘﾐﾌ(B)1945  ﾍﾆﾂ(1)2315

// 

ﾑﾓ1646 

01ﾀﾏﾐ  29ﾎﾊﾒ 1234567

ﾏ  32ﾁ .ﾁ16ﾝ167 ﾘ
==ﾍﾆﾂ_10=10301 

==ﾀ4_02=6146 

==ﾀﾗ_01=6149 

==ﾌﾐﾂ_02=17683 

ﾎﾊﾐ  ﾇ21

ﾋﾒ 

09ﾌﾀﾐ65729/09ﾌﾀﾐ1379/ﾀ4 

ﾈﾇﾌ 

ﾏﾄﾊ  12ﾌﾀﾐ 12ﾌﾀﾐ 6

ﾀ4668 

12ﾌﾀﾐ  12ﾌﾀﾐ 6

ﾏ  ﾑﾓ9 ﾝ ﾐﾎﾂ

ﾍﾆﾂ(1)1210  ﾌﾐﾂ1420

// 

ﾄﾈ  ﾏﾐﾅﾄﾓﾏﾐﾅﾆﾄﾀﾅﾌ ﾎ ﾍﾀﾐﾓﾘﾅﾍﾈﾈ ﾐﾅﾆﾈﾌﾀ ﾐﾀﾁﾎﾒﾛ ﾍﾆﾂ

// 

ﾏﾎﾄ  ﾒﾐ
==ﾍﾆﾂ_10=10302 

==ﾀ4_02=6147 

==ﾍﾆﾊ_04=5332 

==ﾀﾗ_01=6150 

==ﾐﾓﾏﾐﾓ_04=169634 

ﾎﾊﾐ  ﾇ21

ﾋﾒ 

09ﾌﾀﾐ65730/09ﾌﾀﾐ1380/ﾀ4 

ﾈﾇﾌ 

ﾏﾄﾊ  12ﾌﾀﾐ 12ﾌﾀﾐ 6

ﾀ4867 

12ﾌﾀﾐ  12ﾌﾀﾐ 6

ﾏ  ﾑﾓ9 ﾝ ﾐﾎﾂ

ﾍﾆﾂ(1)0510  ﾍﾆﾊ0540

// 

ﾄﾈ  ﾏﾐﾅﾄﾓﾏﾐﾅﾆﾄﾀﾅﾌ ﾎ ﾍﾀﾐﾓﾘﾅﾍﾈﾈ ﾐﾅﾆﾈﾌﾀ ﾐﾀﾁﾎﾒ
==ﾍﾆﾂ_10=10303 

==ﾀ4_02=6148 

==ﾍﾆﾊ_04=5333 

==ﾀﾗ_01=6151 

==ﾐﾓﾏﾐﾓ_04=169635 

ﾎﾊﾐ  ﾇ21

ﾋﾒ 

09ﾌﾀﾐ65731/09ﾌﾀﾐ1381/ﾀ4 

ﾈﾇﾌ 

ﾏﾄﾊ  12ﾌﾀﾐ 12ﾌﾀﾐ 6

ﾀ4868 

12ﾌﾀﾐ  12ﾌﾀﾐ 6

ﾏ  ﾑﾓ9 ﾝ ﾐﾎﾂ

ﾍﾆﾊ0640  ﾍﾆﾂ(1)1105

// 

ﾄﾈ  ﾏﾐﾅﾄﾓﾏﾐﾅﾆﾄﾀﾅﾌ ﾎ ﾍﾀﾐﾓﾘﾅﾍﾈﾈ ﾐﾅﾆﾈﾌﾀ ﾐﾀﾁﾎﾒ
==ﾍﾆﾂ_10=10300 

==ﾀ4_02=6145 

==ﾍﾆﾊ_04=5331 

==ﾀﾗ_01=6148 

==ﾐﾓﾏﾐﾓ_04=169631 

==ﾐﾎﾂ_04=29801 

ﾎﾊﾐ  ﾇ21

ﾋﾒ 

09ﾌﾀﾐ65677/09ﾌﾀﾐ1378/ﾀ4 

ﾎﾒﾌ 

ﾀ4268 

11ﾌﾀﾐ  11ﾌﾀﾐ 5

// 

ﾄﾈ  ﾎﾒﾌﾅﾍﾀ ﾐﾅﾉﾑﾀ ﾀ4-268       ﾍﾆﾂ-ﾍﾆﾊ-ﾐﾎﾂ

// 

ﾏﾎﾄ  ﾒﾐﾓﾔﾀﾍﾎﾂ

 @
==ﾍﾆﾂ_10=10299 

==ﾀ4_02=6144 

==ﾍﾆﾊ_04=5330 

==ﾀﾗ_01=6147 

==ﾐﾓﾏﾐﾓ_04=169630 

==ﾐﾎﾂ_04=29800 

ﾎﾊﾐ  ﾇ21

ﾋﾒ 

09ﾌﾀﾐ65676/09ﾌﾀﾐ1377/ﾀ4 

ﾎﾒﾌ 

ﾀ4267 

10ﾌﾀﾐ  10ﾌﾀﾐ 4

// 

ﾄﾈ  ﾎﾒﾌﾅﾍﾀ ﾐﾅﾉﾑﾀ ﾀ4-267       ﾐﾎﾂ-ﾍﾆﾊ-ﾍﾆﾂ

// 

ﾏﾎﾄ  ﾒﾐﾓﾔﾀﾍﾎﾂ

 @
==ﾘﾐﾌ_02=270321 

==ﾍﾆﾂ_10=10298 

==ﾑﾓ_03=229632 

ﾎﾊﾐ  ﾇ21

ﾓﾒﾖ 

09ﾌﾀﾐ65430/09ﾌﾀﾐ14630/ﾑﾓ 

ﾎﾒﾌ 

ﾑﾓ1473 

11ﾌﾀﾐ  13ﾌﾀﾐ 567

// 

ﾄﾈ  ﾎﾒﾌﾅﾍﾀ ﾐﾅﾉﾑﾀ ﾑﾓ-1473      ﾍﾆﾂ-ﾌﾎﾂ/ﾘﾐﾌ

// 

ﾏﾎﾄ  ﾒﾐﾓﾔﾀﾍﾎﾂ

 @
==ﾘﾐﾌ_02=270320 

==ﾍﾆﾂ_10=10297 

==ﾑﾓ_03=229631 

ﾎﾊﾐ  ﾇ21

ﾓﾒﾖ 

09ﾌﾀﾐ65429/09ﾌﾀﾐ14629/ﾑﾓ 

ﾎﾒﾌ 

ﾑﾓ1472 

11ﾌﾀﾐ  13ﾌﾀﾐ 567

// 

ﾄﾈ  ﾎﾒﾌﾅﾍﾀ ﾐﾅﾉﾑﾀ ﾑﾓ-1472      ﾌﾎﾂ/ﾘﾐﾌ-ﾍﾆﾂ

// 

ﾏﾎﾄ  ﾒﾐﾓﾔﾀﾍﾎﾂ

 @
==ﾐﾓﾇﾑﾓ_04=80013 

==ﾍﾆﾂ_10=10295 

==ﾐﾃ_03=15213 

==ﾒﾑﾊ_04=7402 

==ﾞﾒ_04=35048 

==ﾅﾊﾁ_01=32518 

ﾎﾊﾐ  ﾇ21

ﾋﾒ 

09ﾌﾀﾐ65368/09ﾌﾀﾐ379/ﾐﾃ 

ﾎﾒﾌ 

7R817 

13ﾌﾀﾐ  20ﾌﾀﾐ 7

// 

ﾄﾈ  ﾎﾒﾌﾅﾍﾀ ﾐﾅﾉﾑﾀ 7R-817       ﾅﾊﾁ-ﾍﾆﾂ-ﾒﾑﾊ

// 

ﾏﾎﾄ  ﾒﾐﾓﾔﾀﾍﾎﾂ

 @
==ﾐﾓﾇﾑﾓ_04=80014 

==ﾍﾆﾂ_10=10296 

==ﾐﾃ_03=15214 

==ﾒﾑﾊ_04=7403 

==ﾞﾒ_04=35049 

==ﾅﾊﾁ_01=32519 

ﾎﾊﾐ  ﾇ21

ﾋﾒ 

09ﾌﾀﾐ65369/09ﾌﾀﾐ379/ﾐﾃ 

ﾎﾒﾌ 

7R818 

13ﾌﾀﾐ  20ﾌﾀﾐ 7

// 

ﾄﾈ  ﾎﾒﾌﾅﾍﾀ ﾐﾅﾉﾑﾀ 7R-818       ﾒﾑﾊ-ﾍﾆﾂ-ﾅﾊﾁ

// 

ﾏﾎﾄ  ﾒﾐﾓﾔﾀﾍﾎﾂ

 @
==ﾒﾋﾊ_01=3903 

==ﾐﾓﾇﾑﾓ_04=79999 

==ﾍﾆﾂ_10=10294 

==ﾎﾌﾑ_03=11355 

==ﾓﾔﾀ_04=43299 

==ﾐﾓﾏﾐﾓ_04=169575 

==ﾊﾟﾀ_02=12086 

==ﾐﾓﾊﾐﾑ_04=168746 

==ﾝﾊ_01=8087 

==ﾐﾓﾟﾊﾒ_05=46833 

ﾎﾊﾐ  ﾇ21

ﾋﾒ 

09ﾌﾀﾐ65112/09ﾌﾀﾐ435/ﾝﾊ 

ﾎﾒﾌ 

ﾝﾊ9483 

11ﾌﾀﾐ  11ﾌﾀﾐ 5

// 

ﾄﾈ 
==ﾐﾓﾇﾑﾓ_04=79926 

==ﾍﾆﾂ_10=10293 

==ﾑ7_12=15527 

==ﾒﾋﾗ_03=36662 

ﾎﾊﾐ  ﾋ22

ﾓﾒﾖ 

07ﾌﾀﾐ6715/24ﾔﾅﾂ541/ﾑ7 

ﾍﾎﾂ 

ﾑ75330 

01ﾈﾞﾍ  26ﾀﾂﾃ 35

ﾏ  ﾅ70 .ﾝ78 ﾄﾌﾄ

ﾍﾆﾂ(1)1755  ﾎﾂﾁ/ﾒﾋﾗ1925

// 

ﾄﾈ  ﾏﾐﾅﾄﾓﾏﾐﾅﾆﾄﾀﾅﾌ ﾎ ﾍﾀﾐﾓﾘﾅﾍﾈﾈ ﾐﾅﾆﾈﾌﾀ ﾐﾀﾁﾎﾒﾛ ﾍﾆﾂ

ﾄﾈ  ﾏﾐﾅﾄﾓﾏﾐﾅﾆﾄﾀﾅﾌ ﾎ
==ﾐﾓﾇﾑﾓ_04=79923 

==ﾍﾆﾂ_10=10290 

==ﾑ7_12=15524 

==ﾒﾋﾗ_03=36659 

ﾎﾊﾐ  ﾋ22

ﾓﾒﾖ 

07ﾌﾀﾐ6712/24ﾔﾅﾂ538/ﾑ7 

ﾍﾎﾂ 

ﾑ75327 

27ﾌﾀﾐ  29ﾎﾊﾒ 1234567

ﾏ  ﾅ70 .ﾝ78 ﾄﾌﾄ

ﾎﾂﾁ/ﾒﾋﾗ0020  ﾍﾆﾂ(1)0155

// 

ﾄﾈ  ﾏﾐﾅﾄﾓﾏﾐﾅﾆﾄﾀﾅﾌ ﾎ ﾍﾀﾐﾓﾘﾅﾍﾈﾈ ﾐﾅﾆﾈﾌﾀ ﾐﾀﾁﾎﾒﾛ ﾒﾋﾗ

ﾄﾈ  ﾏﾐﾅﾄﾓﾏﾐﾅﾆﾄ
==ﾐﾓﾇﾑﾓ_04=79924 

==ﾍﾆﾂ_10=10291 

==ﾑ7_12=15525 

==ﾒﾋﾗ_03=36660 

ﾎﾊﾐ  ﾋ22

ﾓﾒﾖ 

07ﾌﾀﾐ6713/24ﾔﾅﾂ539/ﾑ7 

ﾍﾎﾂ 

ﾑ75328 

27ﾌﾀﾐ  29ﾎﾊﾒ 1234567

ﾏ  ﾅ70 .ﾝ78 ﾄﾌﾄ

ﾍﾆﾂ(1)0240  ﾎﾂﾁ/ﾒﾋﾗ0410

// 

ﾄﾈ  ﾏﾐﾅﾄﾓﾏﾐﾅﾆﾄﾀﾅﾌ ﾎ ﾍﾀﾐﾓﾘﾅﾍﾈﾈ ﾐﾅﾆﾈﾌﾀ ﾐﾀﾁﾎﾒﾛ ﾍﾆﾂ

ﾄﾈ  ﾏﾐﾅﾄﾓﾏﾐﾅﾆﾄ
==ﾘﾐﾌ_02=269946 

==ﾍﾆﾂ_10=10288 

==ﾑﾓ_03=229281 

ﾎﾊﾐ  ﾇ21

ﾓﾒﾖ 

05ﾌﾀﾐ63906/05ﾌﾀﾐ14348/ﾑﾓ 

ﾎﾒﾌ 

ﾑﾓ1472 

07ﾌﾀﾐ  10ﾌﾀﾐ 1234

// 

ﾄﾈ  ﾎﾒﾌﾅﾍﾀ ﾐﾅﾉﾑﾀ ﾑﾓ-1472      ﾌﾎﾂ/ﾘﾐﾌ-ﾍﾆﾂ

// 

ﾏﾎﾄ  ﾒﾐﾓﾔﾀﾍﾎﾂ

 @
==ﾘﾐﾌ_02=269947 

==ﾍﾆﾂ_10=10289 

==ﾑﾓ_03=229282 

ﾎﾊﾐ  ﾇ21

ﾓﾒﾖ 

05ﾌﾀﾐ63907/05ﾌﾀﾐ14349/ﾑﾓ 

ﾎﾒﾌ 

ﾑﾓ1473 

07ﾌﾀﾐ  10ﾌﾀﾐ 1234

// 

ﾄﾈ  ﾎﾒﾌﾅﾍﾀ ﾐﾅﾉﾑﾀ ﾑﾓ-1473      ﾍﾆﾂ-ﾌﾎﾂ/ﾘﾐﾌ

// 

ﾏﾎﾄ  ﾒﾐﾓﾔﾀﾍﾎﾂ

 @
==ﾘﾐﾌ_02=269767 

==ﾍﾆﾂ_10=10286 

==ﾑﾓ_03=229074 

ﾎﾊﾐ  ﾇ21

ﾓﾒﾖ 

05ﾌﾀﾐ63656/05ﾌﾀﾐ14129/ﾑﾓ 

ﾈﾇﾌ 

ﾏﾄﾊ  07ﾌﾀﾐ 10ﾌﾀﾐ 1234

ﾑﾓ1646 

08ﾌﾀﾐ  08ﾌﾀﾐ 2

ﾏ  32ﾁ .ﾁ16ﾝ167 ﾘﾐﾌ

ﾌﾎﾂ/ﾘﾐﾌ(B)1950  ﾍﾆﾂ(1)2330

// 

ﾑﾓ1646 

07ﾌﾀﾐ  10ﾌﾀﾐ 134

ﾏ  32ﾀ .ﾁ8ﾝ150 ﾘﾐﾌ

ﾌﾎﾂ/ﾘﾐ
==ﾘﾐﾌ_02=269768 

==ﾍﾆﾂ_10=10287 

==ﾑﾓ_03=229075 

ﾎﾊﾐ  ﾇ21

ﾓﾒﾖ 

05ﾌﾀﾐ63657/05ﾌﾀﾐ14130/ﾑﾓ 

ﾈﾇﾌ 

ﾏﾄﾊ  07ﾌﾀﾐ 10ﾌﾀﾐ 1234

ﾑﾓ1647 

09ﾌﾀﾐ  09ﾌﾀﾐ 3

ﾏ  32ﾁ .ﾁ16ﾝ167 ﾘﾐﾌ

ﾍﾆﾂ(1)0045  ﾌﾎﾂ/ﾘﾐﾌ(B)0430

// 

ﾑﾓ1647 

07ﾌﾀﾐ  10ﾌﾀﾐ 124

ﾏ  32ﾀ .ﾁ8ﾝ150 ﾘﾐﾌ

ﾍﾆﾂ(1)
==ﾍﾆﾂ_10=10285 

==ﾀ4_02=5947 

==ﾀﾗ_01=5950 

==ﾌﾐﾂ_02=17558 

ﾎﾊﾐ  ﾇ21

ﾋﾒ 

05ﾌﾀﾐ63090/05ﾌﾀﾐ1179/ﾀ4 

ﾈﾇﾌ 

ﾏﾄﾊ  08ﾌﾀﾐ 08ﾌﾀﾐ 2

ﾀ4668 

08ﾌﾀﾐ  08ﾌﾀﾐ 2

ﾏ  ﾑﾓ9 ﾝ ﾐﾎﾂ

ﾍﾆﾂ(1)1210  ﾌﾐﾂ1420

// 

ﾄﾈ  ﾏﾐﾅﾄﾓﾏﾐﾅﾆﾄﾀﾅﾌ ﾎ ﾍﾀﾐﾓﾘﾅﾍﾈﾈ ﾐﾅﾆﾈﾌﾀ ﾐﾀﾁﾎﾒﾛ ﾍﾆﾂ

// 

ﾏﾎﾄ  ﾒﾐ
==ﾍﾆﾂ_10=10284 

==ﾅﾊﾁ_01=32370 

==ﾓ6_03=75873 

==ﾓ6_02=245 

ﾎﾊﾐ  ﾇ21

ﾋﾒ 

05ﾌﾀﾐ62934/05ﾌﾀﾐ4270/ﾓ6 

ﾈﾇﾌ 

ﾏﾄﾊ  07ﾌﾀﾐ 07ﾌﾀﾐ 1

ﾓ69510 

07ﾌﾀﾐ  07ﾌﾀﾐ 1

ﾞ  320 ﾁﾝ ﾅﾊﾁ

ﾍﾆﾂ(1)1810  ﾅﾊﾁ2010

// 

ﾄﾈ  ﾏﾐﾅﾄﾓﾏﾐﾅﾆﾄﾀﾅﾌ ﾎ ﾍﾀﾐﾓﾘﾅﾍﾈﾈ ﾐﾅﾆﾈﾌﾀ ﾐﾀﾁﾎﾒﾛ ﾍﾆﾂ

ﾄﾈ  ﾍﾅﾒ ﾏﾎ
==ﾍﾆﾂ_10=10283 

==ﾅﾊﾁ_01=32369 

==ﾓ6_03=75868 

==ﾓ6_02=240 

ﾎﾊﾐ  ﾇ21

ﾋﾒ 

05ﾌﾀﾐ62927/05ﾌﾀﾐ4269/ﾓ6 

ﾈﾇﾌ 

ﾏﾄﾊ  07ﾌﾀﾐ 07ﾌﾀﾐ 1

ﾓ69509 

07ﾌﾀﾐ  07ﾌﾀﾐ 1

ﾄ  320 ﾁﾝ ﾅﾊﾁ

ﾅﾊﾁ1500  ﾍﾆﾂ(1)1650

// 

ﾄﾈ  ﾏﾐﾅﾄﾓﾏﾐﾅﾆﾄﾀﾅﾌ ﾎ ﾍﾀﾐﾓﾘﾅﾍﾈﾈ ﾐﾅﾆﾈﾌﾀ ﾐﾀﾁﾎﾒﾛ ﾍﾆﾂ

ﾄﾈ  ﾏﾐﾅﾄﾓﾏ
==ﾍﾆﾂ_10=10279 

==ﾀ4_02=5910 

==ﾍﾆﾊ_04=5321 

==ﾀﾗ_01=5913 

==ﾐﾓﾏﾐﾓ_04=169262 

==ﾐﾎﾂ_04=29629 

ﾎﾊﾐ  ﾇ21

ﾋﾒ 

04ﾌﾀﾐ62723/04ﾌﾀﾐ1141/ﾀ4 

ﾎﾒﾌ 

ﾀ4267 

06ﾌﾀﾐ  06ﾌﾀﾐ 7

// 

ﾄﾈ  ﾎﾒﾌﾅﾍﾀ ﾐﾅﾉﾑﾀ ﾀ4-267       ﾐﾎﾂ-ﾍﾆﾊ-ﾍﾆﾂ

// 

ﾏﾎﾄ  ﾒﾐﾓﾔﾀﾍﾎﾂ

 @
==ﾍﾆﾂ_10=10282 

==ﾀ4_02=5913 

==ﾍﾆﾊ_04=5324 

==ﾀﾗ_01=5916 

==ﾐﾓﾏﾐﾓ_04=169265 

ﾎﾊﾐ  ﾇ21

ﾋﾒ 

04ﾌﾀﾐ62726/04ﾌﾀﾐ1144/ﾀ4 

ﾈﾇﾌ 

ﾏﾄﾊ  08ﾌﾀﾐ 08ﾌﾀﾐ 2

ﾀ4868 

08ﾌﾀﾐ  08ﾌﾀﾐ 2

ﾏ  ﾑﾓ9 ﾝ ﾐﾎﾂ

ﾍﾆﾊ0640  ﾍﾆﾂ(1)1105

// 

ﾄﾈ  ﾏﾐﾅﾄﾓﾏﾐﾅﾆﾄﾀﾅﾌ ﾎ ﾍﾀﾐﾓﾘﾅﾍﾈﾈ ﾐﾅﾆﾈﾌﾀ ﾐﾀﾁﾎﾒ
==ﾍﾆﾂ_10=10280 

==ﾀ4_02=5911 

==ﾍﾆﾊ_04=5322 

==ﾀﾗ_01=5914 

==ﾐﾓﾏﾐﾓ_04=169263 

==ﾐﾎﾂ_04=29630 

ﾎﾊﾐ  ﾇ21

ﾋﾒ 

04ﾌﾀﾐ62724/04ﾌﾀﾐ1142/ﾀ4 

ﾎﾒﾌ 

ﾀ4268 

07ﾌﾀﾐ  07ﾌﾀﾐ 1

// 

ﾄﾈ  ﾎﾒﾌﾅﾍﾀ ﾐﾅﾉﾑﾀ ﾀ4-268       ﾍﾆﾂ-ﾍﾆﾊ-ﾐﾎﾂ

// 

ﾏﾎﾄ  ﾒﾐﾓﾔﾀﾍﾎﾂ

 @
==ﾍﾆﾂ_10=10281 

==ﾀ4_02=5912 

==ﾍﾆﾊ_04=5323 

==ﾀﾗ_01=5915 

==ﾐﾓﾏﾐﾓ_04=169264 

ﾎﾊﾐ  ﾇ21

ﾋﾒ 

04ﾌﾀﾐ62725/04ﾌﾀﾐ1143/ﾀ4 

ﾈﾇﾌ 

ﾏﾄﾊ  08ﾌﾀﾐ 08ﾌﾀﾐ 2

ﾀ4867 

08ﾌﾀﾐ  08ﾌﾀﾐ 2

ﾏ  ﾑﾓ9 ﾝ ﾐﾎﾂ

ﾍﾆﾂ(1)0510  ﾍﾆﾊ0540

// 

ﾄﾈ  ﾏﾐﾅﾄﾓﾏﾐﾅﾆﾄﾀﾅﾌ ﾎ ﾍﾀﾐﾓﾘﾅﾍﾈﾈ ﾐﾅﾆﾈﾌﾀ ﾐﾀﾁﾎﾒ
==ﾒﾋﾊ_01=3899 

==ﾐﾓﾇﾑﾓ_04=79863 

==ﾍﾆﾂ_10=10277 

==ﾎﾌﾑ_03=11334 

==ﾓﾔﾀ_04=43240 

==ﾐﾓﾏﾐﾓ_04=169248 

==ﾊﾟﾀ_02=12049 

==ﾐﾓﾊﾐﾑ_04=168182 

==ﾝﾊ_01=8064 

==ﾐﾓﾟﾊﾒ_05=46770 

ﾎﾊﾐ  ﾇ21

ﾋﾒ 

04ﾌﾀﾐ62645/04ﾌﾀﾐ428/ﾝﾊ 

ﾈﾇﾌ 

ﾏﾄﾊ  11ﾌﾀﾐ 11ﾌﾀﾐ 5

ﾝﾊ9483 

11ﾌﾀ
==ﾒﾋﾊ_01=3900 

==ﾐﾓﾇﾑﾓ_04=79864 

==ﾍﾆﾂ_10=10278 

==ﾎﾌﾑ_03=11335 

==ﾒﾑﾊ_04=7391 

==ﾓﾔﾀ_04=43241 

==ﾐﾓﾏﾐﾓ_04=169249 

==ﾐﾓﾊﾐﾑ_04=168183 

==ﾝﾊ_01=8065 

==ﾐﾓﾟﾊﾒ_05=46771 

ﾎﾊﾐ  ﾇ21

ﾋﾒ 

04ﾌﾀﾐ62646/04ﾌﾀﾐ428/ﾝﾊ 

ﾈﾇﾌ 

ﾏﾄﾊ  12ﾌﾀﾐ 12ﾌﾀﾐ 6

ﾝﾊ9484 

12ﾌﾀﾐ
==ﾒﾋﾊ_01=3890 

==ﾐﾓﾇﾑﾓ_04=79856 

==ﾍﾆﾂ_10=10276 

==ﾎﾌﾑ_03=11331 

==ﾒﾑﾊ_04=7390 

==ﾓﾔﾀ_04=43215 

==ﾐﾓﾏﾐﾓ_04=169176 

==ﾐﾓﾊﾐﾑ_04=168080 

==ﾝﾊ_01=8059 

==ﾐﾓﾟﾊﾒ_05=46749 

ﾎﾊﾐ  ﾇ21

ﾋﾒ 

04ﾌﾀﾐ62200/04ﾌﾀﾐ424/ﾝﾊ 

ﾈﾇﾌ 

ﾏﾄﾊ  09ﾌﾀﾐ 10ﾌﾀﾐ 34

ﾝﾊ9484 

10ﾌﾀ
==ﾒﾋﾊ_01=3889 

==ﾐﾓﾇﾑﾓ_04=79855 

==ﾍﾆﾂ_10=10275 

==ﾎﾌﾑ_03=11330 

==ﾓﾔﾀ_04=43214 

==ﾐﾓﾏﾐﾓ_04=169175 

==ﾊﾟﾀ_02=12039 

==ﾐﾓﾊﾐﾑ_04=168079 

==ﾝﾊ_01=8058 

==ﾐﾓﾟﾊﾒ_05=46748 

ﾎﾊﾐ  ﾇ21

ﾋﾒ 

04ﾌﾀﾐ62199/04ﾌﾀﾐ424/ﾝﾊ 

ﾈﾇﾌ 

ﾏﾄﾊ  09ﾌﾀﾐ 09ﾌﾀﾐ 3

ﾝﾊ9483 

09ﾌﾀ
==ﾘﾐﾌ_02=269346 

==ﾍﾆﾂ_10=10274 

==ﾑﾓ_03=228896 

ﾎﾊﾐ  ﾋ22

ﾓﾒﾖ 

03ﾌﾀﾐ6334/03ﾌﾀﾐ930/ﾑﾓ 

ﾈﾇﾌ 

ﾏﾄﾊ  27ﾌﾀﾐ 29ﾎﾊﾒ 1234567

ﾑﾓ1473 

02ﾌﾀﾉ  01ﾑﾅﾍ 1234567

ﾏ  73ﾕ .ﾁ20ﾝ138 ﾘﾐﾌ

ﾍﾆﾂ(1)0325  ﾌﾎﾂ/ﾘﾐﾌ(B)0700

// 

ﾄﾈ  ﾏﾐﾅﾄﾓﾏﾐﾅﾆﾄﾀﾅﾌ ﾎ ﾍﾀﾐﾓﾘﾅﾍﾈﾈ ﾐﾅﾆﾈﾌﾀ ﾐﾀﾁﾎﾒﾛ ﾍﾆﾂ
==ﾘﾐﾌ_02=269345 

==ﾍﾆﾂ_10=10273 

==ﾑﾓ_03=228895 

ﾎﾊﾐ  ﾋ22

ﾓﾒﾖ 

03ﾌﾀﾐ6333/03ﾌﾀﾐ929/ﾑﾓ 

ﾈﾇﾌ 

ﾏﾄﾊ  27ﾌﾀﾐ 29ﾎﾊﾒ 1234567

ﾑﾓ1472 

01ﾌﾀﾉ  31ﾀﾂﾃ 1234567

ﾏ  73ﾕ .ﾁ20ﾝ138 ﾘﾐﾌ

ﾌﾎﾂ/ﾘﾐﾌ(B)2250  ﾍﾆﾂ(1)0215/1

// 

ﾄﾈ  ﾏﾐﾅﾄﾓﾏﾐﾅﾆﾄﾀﾅﾌ ﾎ ﾍﾀﾐﾓﾘﾅﾍﾈﾈ ﾐﾅﾆﾈﾌﾀ ﾐﾀﾁﾎﾒﾛ ﾍ
==ﾒﾋﾊ_01=3885 

==ﾍﾆﾂ_10=10271 

==ﾓﾔﾀ_04=43190 

==ﾐﾓﾏﾐﾓ_04=169074 

==ﾐﾓﾊﾐﾑ_04=167975 

==ﾝﾊ_01=8049 

==ﾐﾓﾟﾊﾒ_05=46715 

ﾎﾊﾐ  ﾇ21

ﾋﾒ 

03ﾌﾀﾐ61613/03ﾌﾀﾐ422/ﾝﾊ 

ﾈﾇﾌ 

ﾏﾄﾊ  05ﾌﾀﾐ 05ﾌﾀﾐ 6

ﾝﾊ9483 

05ﾌﾀﾐ  05ﾌﾀﾐ 6

ﾄ  ﾟﾊ2 ﾝ120 ﾓﾔﾀ

ﾓﾔﾀ(1)2315  ﾍﾆﾂ(1)0150/1
==ﾒﾋﾊ_01=3886 

==ﾍﾆﾂ_10=10272 

==ﾓﾔﾀ_04=43191 

==ﾐﾓﾏﾐﾓ_04=169075 

==ﾐﾓﾊﾐﾑ_04=167976 

==ﾝﾊ_01=8050 

==ﾐﾓﾟﾊﾒ_05=46716 

ﾎﾊﾐ  ﾇ21

ﾋﾒ 

03ﾌﾀﾐ61614/03ﾌﾀﾐ422/ﾝﾊ 

ﾈﾇﾌ 

ﾏﾄﾊ  06ﾌﾀﾐ 06ﾌﾀﾐ 7

ﾝﾊ9484 

06ﾌﾀﾐ  06ﾌﾀﾐ 7

ﾄ  ﾟﾊ2 ﾝ120 ﾓﾔﾀ

ﾒﾋﾊ1120  ﾍﾆﾂ(1)1040

ﾍﾆﾂ
==ﾍﾆﾂ_10=10270 

==ﾀ4_02=5795 

==ﾀﾗ_01=5798 

==ﾌﾐﾂ_02=17449 

ﾎﾊﾐ  ﾇ21

ﾋﾒ 

03ﾌﾀﾐ61462/03ﾌﾀﾐ1025/ﾀ4 

ﾈﾇﾌ 

ﾏﾄﾊ  05ﾌﾀﾐ 05ﾌﾀﾐ 6

ﾀ4668 

05ﾌﾀﾐ  05ﾌﾀﾐ 6

ﾏ  ﾑﾓ9 ﾝ ﾐﾎﾂ

ﾍﾆﾂ(1)1210  ﾌﾐﾂ1420

// 

ﾄﾈ  ﾏﾐﾅﾄﾓﾏﾐﾅﾆﾄﾀﾅﾌ ﾎ ﾍﾀﾐﾓﾘﾅﾍﾈﾈ ﾐﾅﾆﾈﾌﾀ ﾐﾀﾁﾎﾒﾛ ﾍﾆﾂ

// 

ﾏﾎﾄ  ﾒﾐ
==ﾍﾆﾂ_10=10269 

==ﾀ4_02=5791 

==ﾀﾗ_01=5794 

==ﾌﾐﾂ_02=17443 

ﾎﾊﾐ  ﾇ21

ﾋﾒ 

03ﾌﾀﾐ61443/03ﾌﾀﾐ1022/ﾀ4 

ﾈﾇﾌ 

ﾏﾄﾊ  05ﾌﾀﾐ 05ﾌﾀﾐ 6

ﾀ4668 

05ﾌﾀﾐ  05ﾌﾀﾐ 6

ﾏ  ﾑﾓ9 ﾝ ﾐﾎﾂ

ﾍﾆﾂ(1)1210  ﾌﾐﾂ1420

// 

ﾄﾈ  ﾏﾐﾅﾄﾓﾏﾐﾅﾆﾄﾀﾅﾌ ﾎ ﾍﾀﾐﾓﾘﾅﾍﾈﾈ ﾐﾅﾆﾈﾌﾀ ﾐﾀﾁﾎﾒﾛ ﾍﾆﾂ

// 

ﾏﾎﾄ  ﾒﾐ
==ﾐﾓﾇﾑﾓ_04=79798 

==ﾍﾆﾂ_10=10267 

==ﾐﾃ_03=15149 

==ﾒﾑﾊ_04=7385 

==ﾞﾒ_04=34634 

==ﾅﾊﾁ_01=32275 

ﾎﾊﾐ  ﾇ21

ﾋﾒ 

02ﾌﾀﾐ61051/02ﾌﾀﾐ343/ﾐﾃ 

ﾎﾒﾌ 

7R817 

06ﾌﾀﾐ  06ﾌﾀﾐ 7

// 

ﾄﾈ  ﾎﾒﾌﾅﾍﾀ ﾐﾅﾉﾑﾀ 7R-817       ﾅﾊﾁ-ﾍﾆﾂ-ﾒﾑﾊ

// 

ﾏﾎﾄ  ﾒﾐﾓﾔﾀﾍﾎﾂ

 @
==ﾐﾓﾇﾑﾓ_04=79799 

==ﾍﾆﾂ_10=10268 

==ﾐﾃ_03=15150 

==ﾒﾑﾊ_04=7386 

==ﾞﾒ_04=34635 

==ﾅﾊﾁ_01=32276 

ﾎﾊﾐ  ﾇ21

ﾋﾒ 

02ﾌﾀﾐ61052/02ﾌﾀﾐ343/ﾐﾃ 

ﾎﾒﾌ 

7R818 

06ﾌﾀﾐ  06ﾌﾀﾐ 7

// 

ﾄﾈ  ﾎﾒﾌﾅﾍﾀ ﾐﾅﾉﾑﾀ 7R-818       ﾒﾑﾊ-ﾍﾆﾂ-ﾅﾊﾁ

// 

ﾏﾎﾄ  ﾒﾐﾓﾔﾀﾍﾎﾂ

 @
==ﾘﾐﾌ_02=268936 

==ﾍﾆﾂ_10=10265 

==ﾑﾓ_03=228582 

ﾎﾊﾐ  ﾇ21

ﾓﾒﾖ 

02ﾌﾀﾐ60577/02ﾌﾀﾐ13780/ﾑﾓ 

ﾎﾒﾌ 

ﾑﾓ1472 

03ﾌﾀﾐ  06ﾌﾀﾐ 4567

// 

ﾄﾈ  ﾎﾒﾌﾅﾍﾀ ﾐﾅﾉﾑﾀ ﾑﾓ-1472      ﾌﾎﾂ/ﾘﾐﾌ-ﾍﾆﾂ

// 

ﾏﾎﾄ  ﾒﾐﾓﾔﾀﾍﾎﾂ

 @
==ﾘﾐﾌ_02=268937 

==ﾍﾆﾂ_10=10266 

==ﾑﾓ_03=228583 

ﾎﾊﾐ  ﾇ21

ﾓﾒﾖ 

02ﾌﾀﾐ60578/02ﾌﾀﾐ13781/ﾑﾓ 

ﾎﾒﾌ 

ﾑﾓ1473 

03ﾌﾀﾐ  06ﾌﾀﾐ 4567

// 

ﾄﾈ  ﾎﾒﾌﾅﾍﾀ ﾐﾅﾉﾑﾀ ﾑﾓ-1473      ﾍﾆﾂ-ﾌﾎﾂ/ﾘﾐﾌ

// 

ﾏﾎﾄ  ﾒﾐﾓﾔﾀﾍﾎﾂ

 @
==ﾍﾆﾂ_10=10263 

==ﾀ4_02=5743 

==ﾍﾆﾊ_04=5306 

==ﾀﾗ_01=5746 

==ﾐﾓﾏﾐﾓ_04=168844 

ﾎﾊﾐ  ﾇ21

ﾋﾒ 

02ﾌﾀﾐ60283/02ﾌﾀﾐ974/ﾀ4 

ﾍﾎﾂ 

ﾀ4867 

05ﾌﾀﾐ  05ﾌﾀﾐ 6

ﾏ  ﾑﾓ9 ﾝ ﾐﾎﾂ

ﾍﾆﾂ(1)0510  ﾍﾆﾊ0540

// 

ﾄﾈ  ﾏﾐﾅﾄﾓﾏﾐﾅﾆﾄﾀﾅﾌ ﾎ ﾍﾀﾐﾓﾘﾅﾍﾈﾈ ﾐﾅﾆﾈﾌﾀ ﾐﾀﾁﾎﾒﾛ ﾍﾆﾂ

ﾄﾈ  ﾏﾐﾅﾄﾓﾏﾐﾅﾆﾄ
==ﾍﾆﾂ_10=10264 

==ﾀ4_02=5744 

==ﾍﾆﾊ_04=5307 

==ﾀﾗ_01=5747 

==ﾐﾓﾏﾐﾓ_04=168845 

ﾎﾊﾐ  ﾇ21

ﾋﾒ 

02ﾌﾀﾐ60284/02ﾌﾀﾐ975/ﾀ4 

ﾍﾎﾂ 

ﾀ4868 

05ﾌﾀﾐ  05ﾌﾀﾐ 6

ﾏ  ﾑﾓ9 ﾝ ﾐﾎﾂ

ﾍﾆﾊ0640  ﾍﾆﾂ(1)1105

// 

ﾄﾈ  ﾏﾐﾅﾄﾓﾏﾐﾅﾆﾄﾀﾅﾌ ﾎ ﾍﾀﾐﾓﾘﾅﾍﾈﾈ ﾐﾅﾆﾈﾌﾀ ﾐﾀﾁﾎﾒﾛ ﾍﾆﾊ

ﾄﾈ  ﾏﾐﾅﾄﾓﾏﾐﾅﾆﾄ
==ﾍﾆﾂ_10=10261 

==ﾀ4_02=5739 

==ﾍﾆﾊ_04=5304 

==ﾀﾗ_01=5742 

==ﾐﾓﾏﾐﾓ_04=168840 

==ﾐﾎﾂ_04=29522 

ﾎﾊﾐ  ﾇ21

ﾋﾒ 

02ﾌﾀﾐ60273/02ﾌﾀﾐ970/ﾀ4 

ﾎﾒﾌ 

ﾀ4267 

03ﾌﾀﾐ  03ﾌﾀﾐ 4

// 

ﾄﾈ  ﾎﾒﾌﾅﾍﾀ ﾐﾅﾉﾑﾀ ﾀ4-267       ﾐﾎﾂ-ﾍﾆﾊ-ﾍﾆﾂ

// 

ﾏﾎﾄ  ﾒﾐﾓﾔﾀﾍﾎﾂ

 @
==ﾍﾆﾂ_10=10262 

==ﾀ4_02=5740 

==ﾍﾆﾊ_04=5305 

==ﾀﾗ_01=5743 

==ﾐﾓﾏﾐﾓ_04=168841 

==ﾐﾎﾂ_04=29523 

ﾎﾊﾐ  ﾇ21

ﾋﾒ 

02ﾌﾀﾐ60274/02ﾌﾀﾐ971/ﾀ4 

ﾎﾒﾌ 

ﾀ4268 

04ﾌﾀﾐ  04ﾌﾀﾐ 5

// 

ﾄﾈ  ﾎﾒﾌﾅﾍﾀ ﾐﾅﾉﾑﾀ ﾀ4-268       ﾍﾆﾂ-ﾍﾆﾊ-ﾐﾎﾂ

// 

ﾏﾎﾄ  ﾒﾐﾓﾔﾀﾍﾎﾂ

 @
==ﾍﾆﾂ_10=10259 

==ﾀ4_02=5706 

==ﾍﾆﾊ_04=5300 

==ﾀﾗ_01=5709 

==ﾐﾓﾏﾐﾓ_04=168714 

==ﾐﾎﾂ_04=29433 

ﾎﾊﾐ  ﾋ22

ﾋﾒ 

01ﾌﾀﾐ5958/01ﾌﾀﾐ29/ﾀ4 

ﾍﾎﾂ 

ﾀ4267 

27ﾌﾀﾐ  27ﾎﾊﾒ 47

ﾏ  ﾑﾓ9 ﾝ ﾐﾎﾂ

ﾐﾎﾂ2220  ﾍﾆﾊ0020/1

ﾍﾆﾊ0120/1  ﾍﾆﾂ(1)0540/1

// 

ﾄﾈ  ﾏﾐﾅﾄﾓﾏﾐﾅﾆﾄﾀﾅﾌ ﾎ ﾍﾀﾐ
==ﾍﾆﾂ_10=10260 

==ﾀ4_02=5707 

==ﾍﾆﾊ_04=5301 

==ﾀﾗ_01=5710 

==ﾐﾓﾏﾐﾓ_04=168715 

==ﾐﾎﾂ_04=29434 

ﾎﾊﾐ  ﾋ22

ﾋﾒ 

01ﾌﾀﾐ5959/01ﾌﾀﾐ30/ﾀ4 

ﾍﾎﾂ 

ﾀ4268 

28ﾌﾀﾐ  28ﾎﾊﾒ 15

ﾏ  ﾑﾓ9 ﾝ ﾐﾎﾂ

ﾍﾆﾂ(1)0645  ﾍﾆﾊ0715

ﾍﾆﾊ0800  ﾐﾎﾂ1000

// 

ﾄﾈ  ﾏﾐﾅﾄﾓﾏﾐﾅﾆﾄﾀﾅﾌ ﾎ ﾍﾀﾐﾓﾘﾅﾍﾈﾈ
==ﾔﾂ_05=159036 

==ﾘﾐﾌ_02=268452 

==ﾍﾆﾂ_10=10257 

==ﾐﾓﾑﾇﾓ_04=9474 

ﾎﾊﾐ  ﾇ21

ﾓﾒﾖ 

28ﾔﾅﾂ59145/28ﾔﾅﾂ7295/ﾔﾂ 

ﾎﾒﾌ 

FV6385 

16ﾌﾀﾐ  16ﾌﾀﾐ 3

// 

ﾏﾎﾄ  ﾒﾐﾓﾔﾀﾍﾎﾂ

 @
==ﾔﾂ_05=159037 

==ﾘﾐﾌ_02=268453 

==ﾍﾆﾂ_10=10258 

==ﾐﾓﾑﾇﾓ_04=9475 

ﾎﾊﾐ  ﾇ21

ﾓﾒﾖ 

28ﾔﾅﾂ59146/28ﾔﾅﾂ7296/ﾔﾂ 

ﾎﾒﾌ 

FV6386 

16ﾌﾀﾐ  16ﾌﾀﾐ 3

// 

ﾏﾎﾄ  ﾒﾐﾓﾔﾀﾍﾎﾂ

 @
==ﾔﾂ_05=159022 

==ﾘﾐﾌ_02=268446 

==ﾍﾆﾂ_10=10251 

==ﾐﾓﾑﾇﾓ_04=9468 

ﾎﾊﾐ  ﾇ21

ﾓﾒﾖ 

28ﾔﾅﾂ59129/28ﾔﾅﾂ7289/ﾔﾂ 

ﾎﾒﾌ 

FV6386 

19ﾌﾀﾐ  19ﾌﾀﾐ 6

// 

ﾏﾎﾄ  ﾒﾐﾓﾔﾀﾍﾎﾂ

 @
==ﾔﾂ_05=159024 

==ﾘﾐﾌ_02=268448 

==ﾍﾆﾂ_10=10253 

==ﾐﾓﾑﾇﾓ_04=9470 

ﾎﾊﾐ  ﾇ21

ﾓﾒﾖ 

28ﾔﾅﾂ59133/28ﾔﾅﾂ7291/ﾔﾂ 

ﾎﾒﾌ 

FV6386 

23ﾌﾀﾐ  23ﾌﾀﾐ 3

// 

ﾏﾎﾄ  ﾒﾐﾓﾔﾀﾍﾎﾂ

 @
==ﾔﾂ_05=159021 

==ﾘﾐﾌ_02=268445 

==ﾍﾆﾂ_10=10250 

==ﾐﾓﾑﾇﾓ_04=9467 

ﾎﾊﾐ  ﾇ21

ﾓﾒﾖ 

28ﾔﾅﾂ59128/28ﾔﾅﾂ7288/ﾔﾂ 

ﾎﾒﾌ 

FV6385 

18ﾌﾀﾐ  18ﾌﾀﾐ 5

// 

ﾏﾎﾄ  ﾒﾐﾓﾔﾀﾍﾎﾂ

 @
==ﾔﾂ_05=159025 

==ﾘﾐﾌ_02=268449 

==ﾍﾆﾂ_10=10254 

==ﾐﾓﾑﾇﾓ_04=9471 

ﾎﾊﾐ  ﾇ21

ﾓﾒﾖ 

28ﾔﾅﾂ59134/28ﾔﾅﾂ7292/ﾔﾂ 

ﾎﾒﾌ 

FV6385 

23ﾌﾀﾐ  23ﾌﾀﾐ 3

// 

ﾏﾎﾄ  ﾒﾐﾓﾔﾀﾍﾎﾂ

 @
